#
# There is insufficient memory for the Java Runtime Environment to continue.
# Native memory allocation (mmap) failed to map 266338304 bytes for Failed to commit area from 0x0000000702800000 to 0x0000000712600000 of length 266338304.
# Possible reasons:
#   The system is out of physical RAM or swap space
#   The process is running with CompressedOops enabled, and the Java Heap may be blocking the growth of the native heap
# Possible solutions:
#   Reduce memory load on the system
#   Increase physical memory or swap space
#   Check if swap backing store is full
#   Decrease Java heap size (-Xmx/-Xms)
#   Decrease number of Java threads
#   Decrease Java thread stack sizes (-Xss)
#   Set larger code cache with -XX:ReservedCodeCacheSize=
# This output file may be truncated or incomplete.
#
#  Out of Memory Error (t:/workspace/open/src/hotspot/os/windows/os_windows.cpp:3301), pid=36504, tid=15692
#
# JRE version:  (13.0.2+8) (build )
# Java VM: Java HotSpot(TM) 64-Bit Server VM (13.0.2+8, mixed mode, aot, sharing, tiered, compressed oops, g1 gc, windows-amd64)
# No core dump will be written. Minidumps are not enabled by default on client versions of Windows
#

---------------  S U M M A R Y ------------

Command Line: -Dfile.encoding=MS949 GoalChange

Host: Intel(R) Core(TM) i7-10710U CPU @ 1.10GHz, 12 cores, 15G,  Windows 10 , 64 bit Build 19041 (10.0.19041.1023)
Time: Tue Jun 15 01:21:28 2021 대한민국 표준시 elapsed time: 0 seconds (0d 0h 0m 0s)

---------------  T H R E A D  ---------------

Current thread (0x00000223517d8800):  JavaThread "Unknown thread" [_thread_in_vm, id=15692, stack(0x0000006e60100000,0x0000006e60200000)]

Stack: [0x0000006e60100000,0x0000006e60200000]
Native frames: (J=compiled Java code, j=interpreted, Vv=VM code, C=native code)
V  [jvm.dll+0x624f9a]
V  [jvm.dll+0x770cfa]
V  [jvm.dll+0x7724af]
V  [jvm.dll+0x772ab3]
V  [jvm.dll+0x24bf08]
V  [jvm.dll+0x6222aa]
V  [jvm.dll+0x6170b5]
V  [jvm.dll+0x30a88c]
V  [jvm.dll+0x30a6c2]
V  [jvm.dll+0x30fe36]
V  [jvm.dll+0x353f46]
V  [jvm.dll+0x353720]
V  [jvm.dll+0x2e550a]
V  [jvm.dll+0x2e67a2]
V  [jvm.dll+0x74dd78]
V  [jvm.dll+0x361989]
V  [jvm.dll+0x730e65]
V  [jvm.dll+0x3cc53f]
V  [jvm.dll+0x3ce861]
C  [jli.dll+0x51ff]
C  [ucrtbase.dll+0x21bb2]
C  [KERNEL32.DLL+0x17034]
C  [ntdll.dll+0x52651]


---------------  P R O C E S S  ---------------

Threads class SMR info:
_java_thread_list=0x00007ffd5c82ccb8, length=0, elements={
}

Java Threads: ( => current thread )

Other Threads:
  0x0000022351843800 GCTaskThread "GC Thread#0" [stack: 0x0000006e60200000,0x0000006e60300000] [id=37036]
  0x0000022351865800 ConcurrentGCThread "G1 Main Marker" [stack: 0x0000006e60300000,0x0000006e60400000] [id=19000]
  0x0000022351866800 ConcurrentGCThread "G1 Conc#0" [stack: 0x0000006e60400000,0x0000006e60500000] [id=33712]

[error occurred during error reporting (printing all threads), id 0xc0000005, EXCEPTION_ACCESS_VIOLATION (0xc0000005) at pc=0x00007ffd5c0651d7]

VM state:not at safepoint (not fully initialized)

VM Mutex/Monitor currently owned by a thread:  ([mutex/lock_event])
[0x000002234f5fc0b0] Heap_lock - owner thread: 0x00000223517d8800

Heap address: 0x0000000702800000, size: 4056 MB, Compressed Oops mode: Non-zero based: 0x0000000702800000
Narrow klass base: 0x0000000000000000, Narrow klass shift: 0

GC Heap History (0 events):
No events

Deoptimization events (0 events):
No events

Classes unloaded (0 events):
No events

Classes redefined (0 events):
No events

Internal exceptions (0 events):
No events

Events (8 events):
Event: 0.019 Loaded shared library C:\Program Files\Java\jdk-13.0.2\bin\zip.dll
Event: 0.020 Loaded shared library C:\Program Files\Java\jdk-13.0.2\bin\jimage.dll
Event: 0.022 Loading shared library C:\Program Files\Java\jdk-13.0.2\lib\libjava.base-coop.dll failed, error code 126
Event: 0.022 Loading shared library C:\Program Files\Java\jdk-13.0.2\lib\libjava.logging-coop.dll failed, error code 126
Event: 0.022 Loading shared library C:\Program Files\Java\jdk-13.0.2\lib\libjdk.compiler-coop.dll failed, error code 126
Event: 0.022 Loading shared library C:\Program Files\Java\jdk-13.0.2\lib\libjdk.scripting.nashorn-coop.dll failed, error code 126
Event: 0.022 Loading shared library C:\Program Files\Java\jdk-13.0.2\lib\libjdk.internal.vm.ci-coop.dll failed, error code 126
Event: 0.022 Loading shared library C:\Program Files\Java\jdk-13.0.2\lib\libjdk.internal.vm.compiler-coop.dll failed, error code 126


Dynamic libraries:
0x00007ff7adc20000 - 0x00007ff7adc2f000 	C:\Program Files\Java\jdk-13.0.2\bin\javaw.exe
0x00007ffde7150000 - 0x00007ffde7345000 	C:\Windows\SYSTEM32\ntdll.dll
0x00007ffde6d40000 - 0x00007ffde6dfd000 	C:\Windows\System32\KERNEL32.DLL
0x00007ffde4b30000 - 0x00007ffde4df8000 	C:\Windows\System32\KERNELBASE.dll
0x00007ffde50c0000 - 0x00007ffde51c0000 	C:\Windows\System32\ucrtbase.dll
0x00007ffdc20f0000 - 0x00007ffdc2105000 	C:\Program Files\Java\jdk-13.0.2\bin\VCRUNTIME140.dll
0x00007ffdc2d80000 - 0x00007ffdc2d98000 	C:\Program Files\Java\jdk-13.0.2\bin\jli.dll
0x00007ffde6240000 - 0x00007ffde62ec000 	C:\Windows\System32\ADVAPI32.dll
0x00007ffde51c0000 - 0x00007ffde525e000 	C:\Windows\System32\msvcrt.dll
0x00007ffde7070000 - 0x00007ffde710b000 	C:\Windows\System32\sechost.dll
0x00007ffde6b60000 - 0x00007ffde6c8b000 	C:\Windows\System32\RPCRT4.dll
0x00007ffde64b0000 - 0x00007ffde6650000 	C:\Windows\System32\USER32.dll
0x00007ffde49a0000 - 0x00007ffde49c2000 	C:\Windows\System32\win32u.dll
0x00007ffde6d10000 - 0x00007ffde6d3a000 	C:\Windows\System32\GDI32.dll
0x00007ffdd2ab0000 - 0x00007ffdd2d4a000 	C:\Windows\WinSxS\amd64_microsoft.windows.common-controls_6595b64144ccf1df_6.0.19041.1052_none_60b8f8fd71f5e8cb\COMCTL32.dll
0x00007ffde4890000 - 0x00007ffde499b000 	C:\Windows\System32\gdi32full.dll
0x00007ffde4f70000 - 0x00007ffde500d000 	C:\Windows\System32\msvcp_win.dll
0x00007ffddd320000 - 0x00007ffddd32a000 	C:\Windows\SYSTEM32\VERSION.dll
0x00007ffde6420000 - 0x00007ffde6450000 	C:\Windows\System32\IMM32.DLL
0x00007ffdbdb20000 - 0x00007ffdbdbbb000 	C:\Program Files\Java\jdk-13.0.2\bin\msvcp140.dll
0x00007ffd5bd70000 - 0x00007ffd5c8cd000 	C:\Program Files\Java\jdk-13.0.2\bin\server\jvm.dll
0x00007ffde5480000 - 0x00007ffde5488000 	C:\Windows\System32\PSAPI.DLL
0x00007ffdc64c0000 - 0x00007ffdc64c9000 	C:\Windows\SYSTEM32\WSOCK32.dll
0x00007ffdd77c0000 - 0x00007ffdd77e7000 	C:\Windows\SYSTEM32\WINMM.dll
0x00007ffde5490000 - 0x00007ffde54fb000 	C:\Windows\System32\WS2_32.dll
0x00007ffde31a0000 - 0x00007ffde31b2000 	C:\Windows\SYSTEM32\kernel.appcore.dll
0x00007ffddd4b0000 - 0x00007ffddd4c0000 	C:\Program Files\Java\jdk-13.0.2\bin\verify.dll
0x00007ffdc7e90000 - 0x00007ffdc8074000 	C:\Windows\SYSTEM32\DBGHELP.DLL
0x00007ffdc6a30000 - 0x00007ffdc6a5c000 	C:\Windows\SYSTEM32\dbgcore.DLL
0x00007ffde4ee0000 - 0x00007ffde4f63000 	C:\Windows\System32\bcryptPrimitives.dll
0x00007ffdc6a70000 - 0x00007ffdc6a96000 	C:\Program Files\Java\jdk-13.0.2\bin\java.dll
0x00007ffdd9e60000 - 0x00007ffdd9e77000 	C:\Program Files\Java\jdk-13.0.2\bin\zip.dll
0x00007ffdda210000 - 0x00007ffdda21a000 	C:\Program Files\Java\jdk-13.0.2\bin\jimage.dll

dbghelp: loaded successfully - version: 4.0.5 - missing functions: none
symbol engine: initialized successfully - sym options: 0x614 - pdb path: .;C:\Program Files\Java\jdk-13.0.2\bin;C:\Windows\SYSTEM32;C:\Windows\WinSxS\amd64_microsoft.windows.common-controls_6595b64144ccf1df_6.0.19041.1052_none_60b8f8fd71f5e8cb;C:\Program Files\Java\jdk-13.0.2\bin\server

VM Arguments:
jvm_args: -Dfile.encoding=MS949 
java_command: GoalChange
java_class_path (initial): C:\Users\rkdms\eclipse-workspace\Team Project\bin
Launcher Type: SUN_STANDARD

[Global flags]
     intx CICompilerCount                          = 4                                         {product} {ergonomic}
     uint ConcGCThreads                            = 3                                         {product} {ergonomic}
     uint G1ConcRefinementThreads                  = 10                                        {product} {ergonomic}
   size_t G1HeapRegionSize                         = 1048576                                   {product} {ergonomic}
    uintx GCDrainStackTargetSize                   = 64                                        {product} {ergonomic}
   size_t InitialHeapSize                          = 266338304                                 {product} {ergonomic}
   size_t MarkStackSize                            = 4194304                                   {product} {ergonomic}
   size_t MaxHeapSize                              = 4253024256                                {product} {ergonomic}
   size_t MinHeapDeltaBytes                        = 1048576                                   {product} {ergonomic}
   size_t MinHeapSize                              = 8388608                                   {product} {ergonomic}
    uintx NonNMethodCodeHeapSize                   = 5839372                                {pd product} {ergonomic}
    uintx NonProfiledCodeHeapSize                  = 122909434                              {pd product} {ergonomic}
    uintx ProfiledCodeHeapSize                     = 122909434                              {pd product} {ergonomic}
    uintx ReservedCodeCacheSize                    = 251658240                              {pd product} {ergonomic}
     bool SegmentedCodeCache                       = true                                      {product} {ergonomic}
   size_t SoftMaxHeapSize                          = 4253024256                             {manageable} {ergonomic}
     bool UseCompressedClassPointers               = true                                 {lp64_product} {ergonomic}
     bool UseCompressedOops                        = true                                 {lp64_product} {ergonomic}
     bool UseG1GC                                  = true                                      {product} {ergonomic}
     bool UseLargePagesIndividualAllocation        = false                                  {pd product} {ergonomic}

Logging:
Log output configuration:
 #0: stdout all=warning uptime,level,tags
 #1: stderr all=off uptime,level,tags

Environment Variables:
JAVA_HOME=C:\Program Files\Java\jdk-13.0.2
CLASSPATH=C:\Program Files\Java\jdk-13.0.2\lib
PATH=C:/Program Files/Java/jdk-13.0.2/bin/server;C:/Program Files/Java/jdk-13.0.2/bin;C:\Program Files (x86)\VMware\VMware Player\bin\;C:\Windows\system32;C:\Windows;C:\Windows\System32\Wbem;C:\Windows\System32\WindowsPowerShell\v1.0\;C:\Windows\System32\OpenSSH\;C:\Program Files (x86)\NVIDIA Corporation\PhysX\Common;C:\Program Files\Intel\WiFi\bin\;C:\Program Files\Common Files\Intel\WirelessCommon\;C:\Program Files\Git\cmd;C:\Program Files\Java\jdk-13.0.2\bin;C:\MinGW\bin;C:\Users\rkdms\AppData\Local\Microsoft\WindowsApps;C:\Program Files\Intel\WiFi\bin\;C:\Program Files\Common Files\Intel\WirelessCommon\;C:\Users\rkdms\AppData\Local\Programs\Microsoft VS Code\bin;C:\MinGW\bin;;C:\Users\rkdms\AppData\Local\afreeca;C:\java-2020-12\eclipse;
USERNAME=rkdms
OS=Windows_NT
PROCESSOR_IDENTIFIER=Intel64 Family 6 Model 166 Stepping 0, GenuineIntel



---------------  S Y S T E M  ---------------

OS: Windows 10 , 64 bit Build 19041 (10.0.19041.1023)

CPU:total 12 (initial active 12) (6 cores per cpu, 2 threads per core) family 6 model 166 stepping 0, cmov, cx8, fxsr, mmx, sse, sse2, sse3, ssse3, sse4.1, sse4.2, popcnt, avx, avx2, aes, clmul, erms, 3dnowpref, lzcnt, ht, tsc, tscinvbit, bmi1, bmi2, adx, fma

Memory: 4k page, system-wide physical 16217M (6107M free)
TotalPageFile size 65369M (AvailPageFile size 192M)
current process WorkingSet (physical memory assigned to process): 10M, peak: 10M
current process commit charge ("private bytes"): 65M, peak: 319M

vm_info: Java HotSpot(TM) 64-Bit Server VM (13.0.2+8) for windows-amd64 JRE (13.0.2+8), built on Dec 11 2019 09:20:33 by "mach5one" with unknown MS VC++:1916

END.
